<?xml version="1.0" encoding="UTF-8"?>
<!-- Generated by org.testng.reporters.JUnitReportReporter -->
<testsuite hostname="adriano-Latitude-E6420" name="testes.CucumberRunnerTestTag01" tests="1" failures="0" timestamp="30 Jun 2016 20:37:58 GMT" time="13.912" errors="0">
  <testcase name="feature" time="13.912" classname="testes.CucumberRunnerTestTag01"/>
</testsuite> <!-- testes.CucumberRunnerTestTag01 -->
