<?xml version="1.0" encoding="UTF-8"?>
<!-- Generated by org.testng.reporters.JUnitReportReporter -->
<testsuite hostname="adriano-Latitude-E6420" name="testes.CucumberRunnerTestTags" tests="2" failures="0" timestamp="30 Jun 2016 21:28:22 GMT" time="26.674" errors="0">
  <testcase name="feature" time="13.280" classname="testes.CucumberRunnerTestTags"/>
  <testcase name="feature" time="13.394" classname="testes.CucumberRunnerTestTags"/>
</testsuite> <!-- testes.CucumberRunnerTestTags -->
