<?xml version="1.0" encoding="UTF-8"?>
<!-- Generated by org.testng.reporters.JUnitReportReporter -->
<testsuite hostname="adriano-Latitude-E6420" name="testes.CucumberRunnerTestTag02" tests="1" failures="0" timestamp="1 Jul 2016 19:07:56 GMT" time="16.707" errors="0">
  <testcase name="feature" time="16.707" classname="testes.CucumberRunnerTestTag02"/>
</testsuite> <!-- testes.CucumberRunnerTestTag02 -->
