<?xml version="1.0" encoding="UTF-8"?>
<!-- Generated by org.testng.reporters.JUnitReportReporter -->
<testsuite hostname="adriano-Latitude-E6420" name="testes.CucumberRunnerTestTag01" tests="1" failures="0" timestamp="1 Jul 2016 20:27:05 GMT" time="14.047" errors="0">
  <testcase name="feature" time="14.047" classname="testes.CucumberRunnerTestTag01"/>
</testsuite> <!-- testes.CucumberRunnerTestTag01 -->
